2025-09-02 11:51:00 - PHP Warning:  mysqli::real_connect(): php_network_getaddresses: getaddrinfo for database failed: Temporary failure in name resolution in /var/www/html/system/library/db/mysqli.php on line 75
2025-09-02 11:51:02 - PHP Warning:  mysqli::real_connect(): php_network_getaddresses: getaddrinfo for database failed: Temporary failure in name resolution in /var/www/html/system/library/db/mysqli.php on line 75
2025-09-02 11:51:03 - PHP Warning:  mysqli::real_connect(): php_network_getaddresses: getaddrinfo for database failed: Temporary failure in name resolution in /var/www/html/system/library/db/mysqli.php on line 75
2025-09-02 11:51:04 - PHP Warning:  mysqli::real_connect(): php_network_getaddresses: getaddrinfo for database failed: Temporary failure in name resolution in /var/www/html/system/library/db/mysqli.php on line 75
2025-09-02 11:51:09 - PHP Warning:  mysqli::real_connect(): php_network_getaddresses: getaddrinfo for database failed: Temporary failure in name resolution in /var/www/html/system/library/db/mysqli.php on line 75
2025-09-02 11:51:33 - PHP Warning:  mysqli::real_connect(): php_network_getaddresses: getaddrinfo for mysql-opencart4 failed: Temporary failure in name resolution in /var/www/html/system/library/db/mysqli.php on line 75
2025-09-14 07:34:49 - Error: Error: Could not make a database link using opencartuser@db!<br/>Message: Connection refused
File: /var/www/html/system/library/db/mysqli.php
Line: 86

Backtrace: 0
File: /var/www/html/system/library/db.php
Line: 40
Class: Opencart\System\Library\DB\MySQLi
Function: __construct

Backtrace: 1
File: /var/www/html/system/framework.php
Line: 148
Class: Opencart\System\Library\DB
Function: __construct

Backtrace: 2
File: /var/www/html/admin/index.php
Line: 20
Function: require_once
